-------------------------------------------------------------------------------
Test set: Delete album
-------------------------------------------------------------------------------
Tests run: 2, Failures: 1, Errors: 0, Skipped: 0, Time elapsed: 6.55 s <<< FAILURE! - in Delete album
Delete album with invalid id(Delete album)  Time elapsed: 1.01 s  <<< FAILURE!
java.lang.AssertionError: 
1 expectation failed.
Expected status code <404> but was <200>.


