-------------------------------------------------------------------------------
Test set: Testing Get Posts REST API
-------------------------------------------------------------------------------
Tests run: 4, Failures: 1, Errors: 0, Skipped: 0, Time elapsed: 4.054 s <<< FAILURE! - in Testing Get Posts REST API
API GET with invalid parameter id(Testing Get Posts REST API)  Time elapsed: 0.834 s  <<< FAILURE!
java.lang.AssertionError: 
1 expectation failed.
Expected status code <404> but was <200>.


