-------------------------------------------------------------------------------
Test set: Testing GET comments JsonPlaceHolder
-------------------------------------------------------------------------------
Tests run: 5, Failures: 2, Errors: 1, Skipped: 0, Time elapsed: 4.972 s <<< FAILURE! - in Testing GET comments JsonPlaceHolder
GET comments with invalid parameter id(Testing GET comments JsonPlaceHolder)  Time elapsed: 1.088 s  <<< FAILURE!
java.lang.AssertionError: 
1 expectation failed.
JSON path id doesn't match.
Expected: abcd
  Actual: null


GET comments with unregistered parameter id(Testing GET comments JsonPlaceHolder)  Time elapsed: 1.08 s  <<< FAILURE!
java.lang.AssertionError: 
1 expectation failed.
JSON path id doesn't match.
Expected: <501>
  Actual: null


GET comments without parameter(Testing GET comments JsonPlaceHolder)  Time elapsed: 0.988 s  <<< ERROR!
io.restassured.module.jsv.JsonSchemaValidationException: 
com.fasterxml.jackson.core.JsonParseException: Unexpected character ('<' (code 60)): expected a valid value (JSON String, Number, Array, Object or token 'null', 'true' or 'false')
 at [Source: (StringReader); line: 2, column: 2]
Caused by: com.fasterxml.jackson.core.JsonParseException: 
Unexpected character ('<' (code 60)): expected a valid value (JSON String, Number, Array, Object or token 'null', 'true' or 'false')
 at [Source: (StringReader); line: 2, column: 2]

