<?xml version="1.0" encoding="UTF-8"?><testsuite errors="0" failures="4" name="Testing Post Posts REST API" skipped="0" tests="5" time="5.24" timestamp="2023-01-20 06:55:55"><testcase name="API POST new posts with valid parameter"/><testcase name="API POST new posts with blank parameter"><failure message="1 expectation failed.&#10;Expected status code &lt;400&gt; but was &lt;201&gt;.&#10;" type="java.lang.AssertionError">1 expectation failed.
Expected status code &lt;400&gt; but was &lt;201&gt;.
</failure><system-err>1 expectation failed.
Expected status code &lt;400&gt; but was &lt;201&gt;.
&#13;
io.restassured.internal.ResponseSpecificationImpl.validateResponseIfRequired(ResponseSpecificationImpl.groovy:674)&#13;
io.restassured.internal.ResponseSpecificationImpl.statusCode(ResponseSpecificationImpl.groovy:126)&#13;
io.restassured.internal.ResponseSpecificationImpl.statusCode(ResponseSpecificationImpl.groovy:134)&#13;
io.restassured.internal.ValidatableResponseOptionsImpl.statusCode(ValidatableResponseOptionsImpl.java:89)&#13;
io.restassured.internal.ValidatableResponseImpl.super$2$statusCode(ValidatableResponseImpl.groovy)&#13;
groovy.lang.MetaMethod.doMethodInvoke(MetaMethod.java:323)&#13;
groovy.lang.MetaClassImpl.invokeMethod(MetaClassImpl.java:1267)&#13;
io.restassured.internal.ValidatableResponseImpl.statusCode(ValidatableResponseImpl.groovy:142)&#13;
io.restassured.internal.ValidatableResponseImpl.statusCode(ValidatableResponseImpl.groovy)&#13;
starter.JsonPlaceHolder.Posts.GeneraPostslStepDef.shouldReturnStatusCode(GeneraPostslStepDef.java:22)&#13;
✽.Should return status code 400(classpath:features/JsonPlaceHolder/Posts/PostPosts.feature:13)&#13;
</system-err></testcase><testcase name="API POST with invalid type data body"><failure message="1 expectation failed.&#10;Expected status code &lt;400&gt; but was &lt;500&gt;.&#10;" type="java.lang.AssertionError">1 expectation failed.
Expected status code &lt;400&gt; but was &lt;500&gt;.
</failure><system-err>1 expectation failed.
Expected status code &lt;400&gt; but was &lt;500&gt;.
&#13;
io.restassured.internal.ResponseSpecificationImpl.validateResponseIfRequired(ResponseSpecificationImpl.groovy:674)&#13;
io.restassured.internal.ResponseSpecificationImpl.statusCode(ResponseSpecificationImpl.groovy:126)&#13;
io.restassured.internal.ResponseSpecificationImpl.statusCode(ResponseSpecificationImpl.groovy:134)&#13;
io.restassured.internal.ValidatableResponseOptionsImpl.statusCode(ValidatableResponseOptionsImpl.java:89)&#13;
io.restassured.internal.ValidatableResponseImpl.super$2$statusCode(ValidatableResponseImpl.groovy)&#13;
groovy.lang.MetaMethod.doMethodInvoke(MetaMethod.java:323)&#13;
groovy.lang.MetaClassImpl.invokeMethod(MetaClassImpl.java:1267)&#13;
io.restassured.internal.ValidatableResponseImpl.statusCode(ValidatableResponseImpl.groovy:142)&#13;
io.restassured.internal.ValidatableResponseImpl.statusCode(ValidatableResponseImpl.groovy)&#13;
starter.JsonPlaceHolder.Posts.GeneraPostslStepDef.shouldReturnStatusCode(GeneraPostslStepDef.java:22)&#13;
✽.Should return status code 400(classpath:features/JsonPlaceHolder/Posts/PostPosts.feature:19)&#13;
</system-err></testcase><testcase name="API POST new posts with extra parameter"><failure message="1 expectation failed.&#10;Expected status code &lt;400&gt; but was &lt;201&gt;.&#10;" type="java.lang.AssertionError">1 expectation failed.
Expected status code &lt;400&gt; but was &lt;201&gt;.
</failure><system-err>1 expectation failed.
Expected status code &lt;400&gt; but was &lt;201&gt;.
&#13;
io.restassured.internal.ResponseSpecificationImpl.validateResponseIfRequired(ResponseSpecificationImpl.groovy:674)&#13;
io.restassured.internal.ResponseSpecificationImpl.statusCode(ResponseSpecificationImpl.groovy:126)&#13;
io.restassured.internal.ResponseSpecificationImpl.statusCode(ResponseSpecificationImpl.groovy:134)&#13;
io.restassured.internal.ValidatableResponseOptionsImpl.statusCode(ValidatableResponseOptionsImpl.java:89)&#13;
io.restassured.internal.ValidatableResponseImpl.super$2$statusCode(ValidatableResponseImpl.groovy)&#13;
groovy.lang.MetaMethod.doMethodInvoke(MetaMethod.java:323)&#13;
groovy.lang.MetaClassImpl.invokeMethod(MetaClassImpl.java:1267)&#13;
io.restassured.internal.ValidatableResponseImpl.statusCode(ValidatableResponseImpl.groovy:142)&#13;
io.restassured.internal.ValidatableResponseImpl.statusCode(ValidatableResponseImpl.groovy)&#13;
starter.JsonPlaceHolder.Posts.GeneraPostslStepDef.shouldReturnStatusCode(GeneraPostslStepDef.java:22)&#13;
✽.Should return status code 400(classpath:features/JsonPlaceHolder/Posts/PostPosts.feature:25)&#13;
</system-err></testcase><testcase name="API POST with less category body"><failure message="1 expectation failed.&#10;Expected status code &lt;400&gt; but was &lt;201&gt;.&#10;" type="java.lang.AssertionError">1 expectation failed.
Expected status code &lt;400&gt; but was &lt;201&gt;.
</failure><system-err>1 expectation failed.
Expected status code &lt;400&gt; but was &lt;201&gt;.
&#13;
io.restassured.internal.ResponseSpecificationImpl.validateResponseIfRequired(ResponseSpecificationImpl.groovy:674)&#13;
io.restassured.internal.ResponseSpecificationImpl.statusCode(ResponseSpecificationImpl.groovy:126)&#13;
io.restassured.internal.ResponseSpecificationImpl.statusCode(ResponseSpecificationImpl.groovy:134)&#13;
io.restassured.internal.ValidatableResponseOptionsImpl.statusCode(ValidatableResponseOptionsImpl.java:89)&#13;
io.restassured.internal.ValidatableResponseImpl.super$2$statusCode(ValidatableResponseImpl.groovy)&#13;
groovy.lang.MetaMethod.doMethodInvoke(MetaMethod.java:323)&#13;
groovy.lang.MetaClassImpl.invokeMethod(MetaClassImpl.java:1267)&#13;
io.restassured.internal.ValidatableResponseImpl.statusCode(ValidatableResponseImpl.groovy:142)&#13;
io.restassured.internal.ValidatableResponseImpl.statusCode(ValidatableResponseImpl.groovy)&#13;
starter.JsonPlaceHolder.Posts.GeneraPostslStepDef.shouldReturnStatusCode(GeneraPostslStepDef.java:22)&#13;
✽.Should return status code 400(classpath:features/JsonPlaceHolder/Posts/PostPosts.feature:31)&#13;
</system-err></testcase></testsuite>